
**** Build of configuration Debug for project LUX_Temp_w_busywait ****

"C:\\ti\\ccs900\\ccs\\utils\\bin\\gmake" -k all 
 
Building file: "../LUX_Temp.c"
Invoking: ARM Compiler
"C:/ti/ccs900/ccs/tools/compiler/ti-cgt-arm_18.12.1.LTS/bin/armcl" -mv7M4 --code_state=16 --float_support=FPv4SPD16 -me -Ooff --include_path="C:/ti/ccs900/ccs/tools/compiler/ti-cgt-arm_18.12.1.LTS/include" --include_path="C:/ti/TivaWare_C_Series-2.1.4.178" --advice:power=all --define=ccs="ccs" --define=PART_TM4C1294NCPDT --define=TARGET_IS_TM4C129_RA0 -g --gcc --diag_warning=225 --diag_wrap=off --display_error_number --gen_func_subsections=on --abi=eabi --ual --preproc_with_compile --preproc_dependency="LUX_Temp.d_raw"  "../LUX_Temp.c"
"../LUX_Temp.c", line 235: remark #1527-D: (ULP 2.1) Detected SW delay loop using empty loop. Recommend using a timer module instead
"../LUX_Temp.c", line 241: remark #1527-D: (ULP 2.1) Detected SW delay loop using empty loop. Recommend using a timer module instead
"../LUX_Temp.c", line 257: remark #1527-D: (ULP 2.1) Detected SW delay loop using empty loop. Recommend using a timer module instead
"../LUX_Temp.c", line 262: remark #1527-D: (ULP 2.1) Detected SW delay loop using empty loop. Recommend using a timer module instead
"../LUX_Temp.c", line 294: remark #1527-D: (ULP 2.1) Detected SW delay loop using empty loop. Recommend using a timer module instead
"../LUX_Temp.c", line 300: remark #1527-D: (ULP 2.1) Detected SW delay loop using empty loop. Recommend using a timer module instead
"../LUX_Temp.c", line 316: remark #1527-D: (ULP 2.1) Detected SW delay loop using empty loop. Recommend using a timer module instead
"../LUX_Temp.c", line 322: remark #1527-D: (ULP 2.1) Detected SW delay loop using empty loop. Recommend using a timer module instead
"../LUX_Temp.c", line 356: remark #1527-D: (ULP 2.1) Detected SW delay loop using empty loop. Recommend using a timer module instead
"../LUX_Temp.c", line 362: remark #1527-D: (ULP 2.1) Detected SW delay loop using empty loop. Recommend using a timer module instead
"../LUX_Temp.c", line 378: remark #1527-D: (ULP 2.1) Detected SW delay loop using empty loop. Recommend using a timer module instead
"../LUX_Temp.c", line 384: remark #1527-D: (ULP 2.1) Detected SW delay loop using empty loop. Recommend using a timer module instead
"../LUX_Temp.c", line 397: remark #1527-D: (ULP 2.1) Detected SW delay loop using empty loop. Recommend using a timer module instead
"../LUX_Temp.c", line 403: remark #1527-D: (ULP 2.1) Detected SW delay loop using empty loop. Recommend using a timer module instead
"../LUX_Temp.c", line 430: remark #1527-D: (ULP 2.1) Detected SW delay loop using empty loop. Recommend using a timer module instead
"../LUX_Temp.c", line 603: warning #112-D: statement is unreachable
"../LUX_Temp.c", line 614: warning #112-D: statement is unreachable
"../LUX_Temp.c", line 565: remark #2623-D: (ULP 5.4) Detected an assignment to a type with size less than int. To avoid unnecessary sign extension, use int-sized types for local varaibles and convert to smaller types for static storage.
"../LUX_Temp.c", line 572: remark #2623-D: (ULP 5.4) Detected an assignment to a type with size less than int. To avoid unnecessary sign extension, use int-sized types for local varaibles and convert to smaller types for static storage.
"../LUX_Temp.c", line 609: remark #1527-D: (ULP 2.1) Detected SW delay loop using empty loop. Recommend using a timer module instead
"../LUX_Temp.c", line 565: remark #2623-D: (ULP 5.4) Detected an assignment to a type with size less than int. To avoid unnecessary sign extension, use int-sized types for local varaibles and convert to smaller types for static storage.
"../LUX_Temp.c", line 572: remark #2623-D: (ULP 5.4) Detected an assignment to a type with size less than int. To avoid unnecessary sign extension, use int-sized types for local varaibles and convert to smaller types for static storage.
"../LUX_Temp.c", line 586 (col. 29): remark #1531-D: (ULP 5.2) Detected floating point operation(s). Recommend moving them to RAM during run time or not using as these are processing/power intensive
Finished building: "../LUX_Temp.c"
 
Building file: "../startup_ccs.c"
Invoking: ARM Compiler
"C:/ti/ccs900/ccs/tools/compiler/ti-cgt-arm_18.12.1.LTS/bin/armcl" -mv7M4 --code_state=16 --float_support=FPv4SPD16 -me -Ooff --include_path="C:/ti/ccs900/ccs/tools/compiler/ti-cgt-arm_18.12.1.LTS/include" --include_path="C:/ti/TivaWare_C_Series-2.1.4.178" --advice:power=all --define=ccs="ccs" --define=PART_TM4C1294NCPDT --define=TARGET_IS_TM4C129_RA0 -g --gcc --diag_warning=225 --diag_wrap=off --display_error_number --gen_func_subsections=on --abi=eabi --ual --preproc_with_compile --preproc_dependency="startup_ccs.d_raw"  "../startup_ccs.c"
"../startup_ccs.c", line 238: remark #1527-D: (ULP 2.1) Detected SW delay loop using empty loop. Recommend using a timer module instead
"../startup_ccs.c", line 256: remark #1527-D: (ULP 2.1) Detected SW delay loop using empty loop. Recommend using a timer module instead
"../startup_ccs.c", line 274: remark #1527-D: (ULP 2.1) Detected SW delay loop using empty loop. Recommend using a timer module instead
Finished building: "../startup_ccs.c"
 
gmake: *** No rule to make target 'C:/TivaWare_C_Series-2.1.4.178/driverlib/i2c.c', needed by 'i2c.obj'.
 
gmake: *** No rule to make target 'C:/TivaWare_C_Series-2.1.4.178/utils/uartstdio.c', needed by 'uartstdio.obj'.
gmake: Target 'all' not remade because of errors.

**** Build Finished ****
