
**** Build of configuration Debug for project OLD_APES_HW5 ****

"C:\\ti\\ccs900\\ccs\\utils\\bin\\gmake" -k all 
 
Building file: "../main.c"
Invoking: ARM Compiler
"C:/ti/ccs900/ccs/tools/compiler/ti-cgt-arm_18.12.1.LTS/bin/armcl" -mv7M4 --code_state=16 --float_support=FPv4SPD16 --abi=eabi -me -Ooff --include_path="C:/ti/ccs900/ccs/tools/compiler/ti-cgt-arm_18.12.1.LTS/include" --include_path="C:/Users/ik5m/OneDrive/Current_Semester/ECEN_5013_APES/CodeComposer_Wrkspace/OLD_APES_HW5/FreeRTOS_Source/portable/CCS/ARM_CM4F" --include_path="C:/Users/ik5m/OneDrive/Current_Semester/ECEN_5013_APES/CodeComposer_Wrkspace/OLD_APES_HW5" --include_path="C:/Users/ik5m/OneDrive/Current_Semester/ECEN_5013_APES/CodeComposer_Wrkspace/OLD_APES_HW5/My_Includes" --include_path="C:/Users/ik5m/OneDrive/Current_Semester/ECEN_5013_APES/CodeComposer_Wrkspace/OLD_APES_HW5/FreeRTOS_Source/include" --include_path="C:/ti/TivaWare_C_Series-2.1.4.178" --advice:power=all -g --gcc --define=ccs="ccs" --define=PART_TM4C1294NCPDT --define=TARGET_IS_TM4C129_RA1 --diag_warning=225 --diag_wrap=off --display_error_number --gen_func_subsections=on --ual --preproc_with_compile --preproc_dependency="main.d_raw"  "../main.c"
"../main.c", line 24: remark #1527-D: (ULP 2.1) Detected SW delay loop using empty loop. Recommend using a timer module instead
"../main.c", line 34: remark #1527-D: (ULP 2.1) Detected SW delay loop using empty loop. Recommend using a timer module instead
"../main.c", line 44: remark #1527-D: (ULP 2.1) Detected SW delay loop using empty loop. Recommend using a timer module instead
Finished building: "../main.c"
 
Building file: "../startup_ccs.c"
Invoking: ARM Compiler
"C:/ti/ccs900/ccs/tools/compiler/ti-cgt-arm_18.12.1.LTS/bin/armcl" -mv7M4 --code_state=16 --float_support=FPv4SPD16 --abi=eabi -me -Ooff --include_path="C:/ti/ccs900/ccs/tools/compiler/ti-cgt-arm_18.12.1.LTS/include" --include_path="C:/Users/ik5m/OneDrive/Current_Semester/ECEN_5013_APES/CodeComposer_Wrkspace/OLD_APES_HW5/FreeRTOS_Source/portable/CCS/ARM_CM4F" --include_path="C:/Users/ik5m/OneDrive/Current_Semester/ECEN_5013_APES/CodeComposer_Wrkspace/OLD_APES_HW5" --include_path="C:/Users/ik5m/OneDrive/Current_Semester/ECEN_5013_APES/CodeComposer_Wrkspace/OLD_APES_HW5/My_Includes" --include_path="C:/Users/ik5m/OneDrive/Current_Semester/ECEN_5013_APES/CodeComposer_Wrkspace/OLD_APES_HW5/FreeRTOS_Source/include" --include_path="C:/ti/TivaWare_C_Series-2.1.4.178" --advice:power=all -g --gcc --define=ccs="ccs" --define=PART_TM4C1294NCPDT --define=TARGET_IS_TM4C129_RA1 --diag_warning=225 --diag_wrap=off --display_error_number --gen_func_subsections=on --ual --preproc_with_compile --preproc_dependency="startup_ccs.d_raw"  "../startup_ccs.c"
"../startup_ccs.c", line 229: remark #1527-D: (ULP 2.1) Detected SW delay loop using empty loop. Recommend using a timer module instead
"../startup_ccs.c", line 247: remark #1527-D: (ULP 2.1) Detected SW delay loop using empty loop. Recommend using a timer module instead
"../startup_ccs.c", line 265: remark #1527-D: (ULP 2.1) Detected SW delay loop using empty loop. Recommend using a timer module instead
Finished building: "../startup_ccs.c"
 
Building file: "../FreeRTOS_Source/croutine.c"
Invoking: ARM Compiler
"C:/ti/ccs900/ccs/tools/compiler/ti-cgt-arm_18.12.1.LTS/bin/armcl" -mv7M4 --code_state=16 --float_support=FPv4SPD16 --abi=eabi -me -Ooff --include_path="C:/ti/ccs900/ccs/tools/compiler/ti-cgt-arm_18.12.1.LTS/include" --include_path="C:/Users/ik5m/OneDrive/Current_Semester/ECEN_5013_APES/CodeComposer_Wrkspace/OLD_APES_HW5/FreeRTOS_Source/portable/CCS/ARM_CM4F" --include_path="C:/Users/ik5m/OneDrive/Current_Semester/ECEN_5013_APES/CodeComposer_Wrkspace/OLD_APES_HW5" --include_path="C:/Users/ik5m/OneDrive/Current_Semester/ECEN_5013_APES/CodeComposer_Wrkspace/OLD_APES_HW5/My_Includes" --include_path="C:/Users/ik5m/OneDrive/Current_Semester/ECEN_5013_APES/CodeComposer_Wrkspace/OLD_APES_HW5/FreeRTOS_Source/include" --include_path="C:/ti/TivaWare_C_Series-2.1.4.178" --advice:power=all -g --gcc --define=ccs="ccs" --define=PART_TM4C1294NCPDT --define=TARGET_IS_TM4C129_RA1 --diag_warning=225 --diag_wrap=off --display_error_number --gen_func_subsections=on --ual --preproc_with_compile --preproc_dependency="FreeRTOS_Source/croutine.d_raw" --obj_directory="FreeRTOS_Source"  "../FreeRTOS_Source/croutine.c"
Finished building: "../FreeRTOS_Source/croutine.c"
 
Building file: "../FreeRTOS_Source/event_groups.c"
Invoking: ARM Compiler
"C:/ti/ccs900/ccs/tools/compiler/ti-cgt-arm_18.12.1.LTS/bin/armcl" -mv7M4 --code_state=16 --float_support=FPv4SPD16 --abi=eabi -me -Ooff --include_path="C:/ti/ccs900/ccs/tools/compiler/ti-cgt-arm_18.12.1.LTS/include" --include_path="C:/Users/ik5m/OneDrive/Current_Semester/ECEN_5013_APES/CodeComposer_Wrkspace/OLD_APES_HW5/FreeRTOS_Source/portable/CCS/ARM_CM4F" --include_path="C:/Users/ik5m/OneDrive/Current_Semester/ECEN_5013_APES/CodeComposer_Wrkspace/OLD_APES_HW5" --include_path="C:/Users/ik5m/OneDrive/Current_Semester/ECEN_5013_APES/CodeComposer_Wrkspace/OLD_APES_HW5/My_Includes" --include_path="C:/Users/ik5m/OneDrive/Current_Semester/ECEN_5013_APES/CodeComposer_Wrkspace/OLD_APES_HW5/FreeRTOS_Source/include" --include_path="C:/ti/TivaWare_C_Series-2.1.4.178" --advice:power=all -g --gcc --define=ccs="ccs" --define=PART_TM4C1294NCPDT --define=TARGET_IS_TM4C129_RA1 --diag_warning=225 --diag_wrap=off --display_error_number --gen_func_subsections=on --ual --preproc_with_compile --preproc_dependency="FreeRTOS_Source/event_groups.d_raw" --obj_directory="FreeRTOS_Source"  "../FreeRTOS_Source/event_groups.c"
Finished building: "../FreeRTOS_Source/event_groups.c"
 
Building file: "../FreeRTOS_Source/list.c"
Invoking: ARM Compiler
"C:/ti/ccs900/ccs/tools/compiler/ti-cgt-arm_18.12.1.LTS/bin/armcl" -mv7M4 --code_state=16 --float_support=FPv4SPD16 --abi=eabi -me -Ooff --include_path="C:/ti/ccs900/ccs/tools/compiler/ti-cgt-arm_18.12.1.LTS/include" --include_path="C:/Users/ik5m/OneDrive/Current_Semester/ECEN_5013_APES/CodeComposer_Wrkspace/OLD_APES_HW5/FreeRTOS_Source/portable/CCS/ARM_CM4F" --include_path="C:/Users/ik5m/OneDrive/Current_Semester/ECEN_5013_APES/CodeComposer_Wrkspace/OLD_APES_HW5" --include_path="C:/Users/ik5m/OneDrive/Current_Semester/ECEN_5013_APES/CodeComposer_Wrkspace/OLD_APES_HW5/My_Includes" --include_path="C:/Users/ik5m/OneDrive/Current_Semester/ECEN_5013_APES/CodeComposer_Wrkspace/OLD_APES_HW5/FreeRTOS_Source/include" --include_path="C:/ti/TivaWare_C_Series-2.1.4.178" --advice:power=all -g --gcc --define=ccs="ccs" --define=PART_TM4C1294NCPDT --define=TARGET_IS_TM4C129_RA1 --diag_warning=225 --diag_wrap=off --display_error_number --gen_func_subsections=on --ual --preproc_with_compile --preproc_dependency="FreeRTOS_Source/list.d_raw" --obj_directory="FreeRTOS_Source"  "../FreeRTOS_Source/list.c"
"../FreeRTOS_Source/list.c", line 150: remark #1527-D: (ULP 2.1) Detected SW delay loop using empty loop. Recommend using a timer module instead
Finished building: "../FreeRTOS_Source/list.c"
 
Building file: "../FreeRTOS_Source/queue.c"
Invoking: ARM Compiler
"C:/ti/ccs900/ccs/tools/compiler/ti-cgt-arm_18.12.1.LTS/bin/armcl" -mv7M4 --code_state=16 --float_support=FPv4SPD16 --abi=eabi -me -Ooff --include_path="C:/ti/ccs900/ccs/tools/compiler/ti-cgt-arm_18.12.1.LTS/include" --include_path="C:/Users/ik5m/OneDrive/Current_Semester/ECEN_5013_APES/CodeComposer_Wrkspace/OLD_APES_HW5/FreeRTOS_Source/portable/CCS/ARM_CM4F" --include_path="C:/Users/ik5m/OneDrive/Current_Semester/ECEN_5013_APES/CodeComposer_Wrkspace/OLD_APES_HW5" --include_path="C:/Users/ik5m/OneDrive/Current_Semester/ECEN_5013_APES/CodeComposer_Wrkspace/OLD_APES_HW5/My_Includes" --include_path="C:/Users/ik5m/OneDrive/Current_Semester/ECEN_5013_APES/CodeComposer_Wrkspace/OLD_APES_HW5/FreeRTOS_Source/include" --include_path="C:/ti/TivaWare_C_Series-2.1.4.178" --advice:power=all -g --gcc --define=ccs="ccs" --define=PART_TM4C1294NCPDT --define=TARGET_IS_TM4C129_RA1 --diag_warning=225 --diag_wrap=off --display_error_number --gen_func_subsections=on --ual --preproc_with_compile --preproc_dependency="FreeRTOS_Source/queue.d_raw" --obj_directory="FreeRTOS_Source"  "../FreeRTOS_Source/queue.c"
"../FreeRTOS_Source/queue.c", line 2098: remark #1542-D: (ULP 12.1) Detected memcpy() and recommend using DMA instead if greater than 100 words being transferred
"../FreeRTOS_Source/queue.c", line 2111: remark #1542-D: (ULP 12.1) Detected memcpy() and recommend using DMA instead if greater than 100 words being transferred
"../FreeRTOS_Source/queue.c", line 2162: remark #1542-D: (ULP 12.1) Detected memcpy() and recommend using DMA instead if greater than 100 words being transferred
"../FreeRTOS_Source/queue.c", line 2248: remark #2623-D: (ULP 5.4) Detected an assignment to a type with size less than int. To avoid unnecessary sign extension, use int-sized types for local varaibles and convert to smaller types for static storage.
"../FreeRTOS_Source/queue.c", line 2273: remark #2623-D: (ULP 5.4) Detected an assignment to a type with size less than int. To avoid unnecessary sign extension, use int-sized types for local varaibles and convert to smaller types for static storage.
"../FreeRTOS_Source/queue.c", line 2248: remark #2623-D: (ULP 5.4) Detected an assignment to a type with size less than int. To avoid unnecessary sign extension, use int-sized types for local varaibles and convert to smaller types for static storage.
"../FreeRTOS_Source/queue.c", line 2273: remark #2623-D: (ULP 5.4) Detected an assignment to a type with size less than int. To avoid unnecessary sign extension, use int-sized types for local varaibles and convert to smaller types for static storage.
Finished building: "../FreeRTOS_Source/queue.c"
 
Building file: "../FreeRTOS_Source/stream_buffer.c"
Invoking: ARM Compiler
"C:/ti/ccs900/ccs/tools/compiler/ti-cgt-arm_18.12.1.LTS/bin/armcl" -mv7M4 --code_state=16 --float_support=FPv4SPD16 --abi=eabi -me -Ooff --include_path="C:/ti/ccs900/ccs/tools/compiler/ti-cgt-arm_18.12.1.LTS/include" --include_path="C:/Users/ik5m/OneDrive/Current_Semester/ECEN_5013_APES/CodeComposer_Wrkspace/OLD_APES_HW5/FreeRTOS_Source/portable/CCS/ARM_CM4F" --include_path="C:/Users/ik5m/OneDrive/Current_Semester/ECEN_5013_APES/CodeComposer_Wrkspace/OLD_APES_HW5" --include_path="C:/Users/ik5m/OneDrive/Current_Semester/ECEN_5013_APES/CodeComposer_Wrkspace/OLD_APES_HW5/My_Includes" --include_path="C:/Users/ik5m/OneDrive/Current_Semester/ECEN_5013_APES/CodeComposer_Wrkspace/OLD_APES_HW5/FreeRTOS_Source/include" --include_path="C:/ti/TivaWare_C_Series-2.1.4.178" --advice:power=all -g --gcc --define=ccs="ccs" --define=PART_TM4C1294NCPDT --define=TARGET_IS_TM4C129_RA1 --diag_warning=225 --diag_wrap=off --display_error_number --gen_func_subsections=on --ual --preproc_with_compile --preproc_dependency="FreeRTOS_Source/stream_buffer.d_raw" --obj_directory="FreeRTOS_Source"  "../FreeRTOS_Source/stream_buffer.c"
"../FreeRTOS_Source/stream_buffer.c", line 1103: remark #1542-D: (ULP 12.1) Detected memcpy() and recommend using DMA instead if greater than 100 words being transferred
"../FreeRTOS_Source/stream_buffer.c", line 1111: remark #1542-D: (ULP 12.1) Detected memcpy() and recommend using DMA instead if greater than 100 words being transferred
"../FreeRTOS_Source/stream_buffer.c", line 1154: remark #1542-D: (ULP 12.1) Detected memcpy() and recommend using DMA instead if greater than 100 words being transferred
"../FreeRTOS_Source/stream_buffer.c", line 1162: remark #1542-D: (ULP 12.1) Detected memcpy() and recommend using DMA instead if greater than 100 words being transferred
Finished building: "../FreeRTOS_Source/stream_buffer.c"
 
Building file: "../FreeRTOS_Source/tasks.c"
Invoking: ARM Compiler
"C:/ti/ccs900/ccs/tools/compiler/ti-cgt-arm_18.12.1.LTS/bin/armcl" -mv7M4 --code_state=16 --float_support=FPv4SPD16 --abi=eabi -me -Ooff --include_path="C:/ti/ccs900/ccs/tools/compiler/ti-cgt-arm_18.12.1.LTS/include" --include_path="C:/Users/ik5m/OneDrive/Current_Semester/ECEN_5013_APES/CodeComposer_Wrkspace/OLD_APES_HW5/FreeRTOS_Source/portable/CCS/ARM_CM4F" --include_path="C:/Users/ik5m/OneDrive/Current_Semester/ECEN_5013_APES/CodeComposer_Wrkspace/OLD_APES_HW5" --include_path="C:/Users/ik5m/OneDrive/Current_Semester/ECEN_5013_APES/CodeComposer_Wrkspace/OLD_APES_HW5/My_Includes" --include_path="C:/Users/ik5m/OneDrive/Current_Semester/ECEN_5013_APES/CodeComposer_Wrkspace/OLD_APES_HW5/FreeRTOS_Source/include" --include_path="C:/ti/TivaWare_C_Series-2.1.4.178" --advice:power=all -g --gcc --define=ccs="ccs" --define=PART_TM4C1294NCPDT --define=TARGET_IS_TM4C129_RA1 --diag_warning=225 --diag_wrap=off --display_error_number --gen_func_subsections=on --ual --preproc_with_compile --preproc_dependency="FreeRTOS_Source/tasks.d_raw" --obj_directory="FreeRTOS_Source"  "../FreeRTOS_Source/tasks.c"
"../FreeRTOS_Source/tasks.c", line 341: remark #1534-D: (ULP 7.1) Detected use of global variable "xDelayedTaskList1" within one function "prvInitialiseTaskLists". Recommend placing variable in the function locally
"../FreeRTOS_Source/tasks.c", line 342: remark #1534-D: (ULP 7.1) Detected use of global variable "xDelayedTaskList2" within one function "prvInitialiseTaskLists". Recommend placing variable in the function locally
"../FreeRTOS_Source/tasks.c", line 376: remark #1534-D: (ULP 7.1) Detected use of global variable "xIdleTaskHandle" within one function "vTaskStartScheduler". Recommend placing variable in the function locally
Finished building: "../FreeRTOS_Source/tasks.c"
 
Building file: "../FreeRTOS_Source/timers.c"
Invoking: ARM Compiler
"C:/ti/ccs900/ccs/tools/compiler/ti-cgt-arm_18.12.1.LTS/bin/armcl" -mv7M4 --code_state=16 --float_support=FPv4SPD16 --abi=eabi -me -Ooff --include_path="C:/ti/ccs900/ccs/tools/compiler/ti-cgt-arm_18.12.1.LTS/include" --include_path="C:/Users/ik5m/OneDrive/Current_Semester/ECEN_5013_APES/CodeComposer_Wrkspace/OLD_APES_HW5/FreeRTOS_Source/portable/CCS/ARM_CM4F" --include_path="C:/Users/ik5m/OneDrive/Current_Semester/ECEN_5013_APES/CodeComposer_Wrkspace/OLD_APES_HW5" --include_path="C:/Users/ik5m/OneDrive/Current_Semester/ECEN_5013_APES/CodeComposer_Wrkspace/OLD_APES_HW5/My_Includes" --include_path="C:/Users/ik5m/OneDrive/Current_Semester/ECEN_5013_APES/CodeComposer_Wrkspace/OLD_APES_HW5/FreeRTOS_Source/include" --include_path="C:/ti/TivaWare_C_Series-2.1.4.178" --advice:power=all -g --gcc --define=ccs="ccs" --define=PART_TM4C1294NCPDT --define=TARGET_IS_TM4C129_RA1 --diag_warning=225 --diag_wrap=off --display_error_number --gen_func_subsections=on --ual --preproc_with_compile --preproc_dependency="FreeRTOS_Source/timers.d_raw" --obj_directory="FreeRTOS_Source"  "../FreeRTOS_Source/timers.c"
"../FreeRTOS_Source/timers.c", line 135: remark #1534-D: (ULP 7.1) Detected use of global variable "xActiveTimerList1" within one function "prvCheckForValidListAndQueue". Recommend placing variable in the function locally
"../FreeRTOS_Source/timers.c", line 136: remark #1534-D: (ULP 7.1) Detected use of global variable "xActiveTimerList2" within one function "prvCheckForValidListAndQueue". Recommend placing variable in the function locally
Finished building: "../FreeRTOS_Source/timers.c"
 
Building file: "../FreeRTOS_Source/portable/CCS/ARM_CM4F/port.c"
Invoking: ARM Compiler
"C:/ti/ccs900/ccs/tools/compiler/ti-cgt-arm_18.12.1.LTS/bin/armcl" -mv7M4 --code_state=16 --float_support=FPv4SPD16 --abi=eabi -me -Ooff --include_path="C:/ti/ccs900/ccs/tools/compiler/ti-cgt-arm_18.12.1.LTS/include" --include_path="C:/Users/ik5m/OneDrive/Current_Semester/ECEN_5013_APES/CodeComposer_Wrkspace/OLD_APES_HW5/FreeRTOS_Source/portable/CCS/ARM_CM4F" --include_path="C:/Users/ik5m/OneDrive/Current_Semester/ECEN_5013_APES/CodeComposer_Wrkspace/OLD_APES_HW5" --include_path="C:/Users/ik5m/OneDrive/Current_Semester/ECEN_5013_APES/CodeComposer_Wrkspace/OLD_APES_HW5/My_Includes" --include_path="C:/Users/ik5m/OneDrive/Current_Semester/ECEN_5013_APES/CodeComposer_Wrkspace/OLD_APES_HW5/FreeRTOS_Source/include" --include_path="C:/ti/TivaWare_C_Series-2.1.4.178" --advice:power=all -g --gcc --define=ccs="ccs" --define=PART_TM4C1294NCPDT --define=TARGET_IS_TM4C129_RA1 --diag_warning=225 --diag_wrap=off --display_error_number --gen_func_subsections=on --ual --preproc_with_compile --preproc_dependency="FreeRTOS_Source/portable/CCS/ARM_CM4F/port.d_raw" --obj_directory="FreeRTOS_Source/portable/CCS/ARM_CM4F"  "../FreeRTOS_Source/portable/CCS/ARM_CM4F/port.c"
Finished building: "../FreeRTOS_Source/portable/CCS/ARM_CM4F/port.c"
 
Building file: "../FreeRTOS_Source/portable/CCS/ARM_CM4F/portasm.asm"
Invoking: ARM Compiler
"C:/ti/ccs900/ccs/tools/compiler/ti-cgt-arm_18.12.1.LTS/bin/armcl" -mv7M4 --code_state=16 --float_support=FPv4SPD16 --abi=eabi -me -Ooff --include_path="C:/ti/ccs900/ccs/tools/compiler/ti-cgt-arm_18.12.1.LTS/include" --include_path="C:/Users/ik5m/OneDrive/Current_Semester/ECEN_5013_APES/CodeComposer_Wrkspace/OLD_APES_HW5/FreeRTOS_Source/portable/CCS/ARM_CM4F" --include_path="C:/Users/ik5m/OneDrive/Current_Semester/ECEN_5013_APES/CodeComposer_Wrkspace/OLD_APES_HW5" --include_path="C:/Users/ik5m/OneDrive/Current_Semester/ECEN_5013_APES/CodeComposer_Wrkspace/OLD_APES_HW5/My_Includes" --include_path="C:/Users/ik5m/OneDrive/Current_Semester/ECEN_5013_APES/CodeComposer_Wrkspace/OLD_APES_HW5/FreeRTOS_Source/include" --include_path="C:/ti/TivaWare_C_Series-2.1.4.178" --advice:power=all -g --gcc --define=ccs="ccs" --define=PART_TM4C1294NCPDT --define=TARGET_IS_TM4C129_RA1 --diag_warning=225 --diag_wrap=off --display_error_number --gen_func_subsections=on --ual --preproc_with_compile --preproc_dependency="FreeRTOS_Source/portable/CCS/ARM_CM4F/portasm.d_raw" --obj_directory="FreeRTOS_Source/portable/CCS/ARM_CM4F"  "../FreeRTOS_Source/portable/CCS/ARM_CM4F/portasm.asm"
Finished building: "../FreeRTOS_Source/portable/CCS/ARM_CM4F/portasm.asm"
 
Building file: "../FreeRTOS_Source/portable/MemMang/heap_2.c"
Invoking: ARM Compiler
"C:/ti/ccs900/ccs/tools/compiler/ti-cgt-arm_18.12.1.LTS/bin/armcl" -mv7M4 --code_state=16 --float_support=FPv4SPD16 --abi=eabi -me -Ooff --include_path="C:/ti/ccs900/ccs/tools/compiler/ti-cgt-arm_18.12.1.LTS/include" --include_path="C:/Users/ik5m/OneDrive/Current_Semester/ECEN_5013_APES/CodeComposer_Wrkspace/OLD_APES_HW5/FreeRTOS_Source/portable/CCS/ARM_CM4F" --include_path="C:/Users/ik5m/OneDrive/Current_Semester/ECEN_5013_APES/CodeComposer_Wrkspace/OLD_APES_HW5" --include_path="C:/Users/ik5m/OneDrive/Current_Semester/ECEN_5013_APES/CodeComposer_Wrkspace/OLD_APES_HW5/My_Includes" --include_path="C:/Users/ik5m/OneDrive/Current_Semester/ECEN_5013_APES/CodeComposer_Wrkspace/OLD_APES_HW5/FreeRTOS_Source/include" --include_path="C:/ti/TivaWare_C_Series-2.1.4.178" --advice:power=all -g --gcc --define=ccs="ccs" --define=PART_TM4C1294NCPDT --define=TARGET_IS_TM4C129_RA1 --diag_warning=225 --diag_wrap=off --display_error_number --gen_func_subsections=on --ual --preproc_with_compile --preproc_dependency="FreeRTOS_Source/portable/MemMang/heap_2.d_raw" --obj_directory="FreeRTOS_Source/portable/MemMang"  "../FreeRTOS_Source/portable/MemMang/heap_2.c"
"../FreeRTOS_Source/portable/MemMang/heap_2.c", line 185: remark #1527-D: (ULP 2.1) Detected SW delay loop using empty loop. Recommend using a timer module instead
"../FreeRTOS_Source/portable/MemMang/heap_2.c", line 185: remark #1527-D: (ULP 2.1) Detected SW delay loop using empty loop. Recommend using a timer module instead
"../FreeRTOS_Source/portable/MemMang/heap_2.c", line 185: remark #1527-D: (ULP 2.1) Detected SW delay loop using empty loop. Recommend using a timer module instead
"../FreeRTOS_Source/portable/MemMang/heap_2.c", line 185: remark #1527-D: (ULP 2.1) Detected SW delay loop using empty loop. Recommend using a timer module instead
"../FreeRTOS_Source/portable/MemMang/heap_2.c", line 185: remark #1527-D: (ULP 2.1) Detected SW delay loop using empty loop. Recommend using a timer module instead
"../FreeRTOS_Source/portable/MemMang/heap_2.c", line 185: remark #1527-D: (ULP 2.1) Detected SW delay loop using empty loop. Recommend using a timer module instead
"../FreeRTOS_Source/portable/MemMang/heap_2.c", line 228: remark #1527-D: (ULP 2.1) Detected SW delay loop using empty loop. Recommend using a timer module instead
"../FreeRTOS_Source/portable/MemMang/heap_2.c", line 228: remark #1527-D: (ULP 2.1) Detected SW delay loop using empty loop. Recommend using a timer module instead
"../FreeRTOS_Source/portable/MemMang/heap_2.c", line 228: remark #1527-D: (ULP 2.1) Detected SW delay loop using empty loop. Recommend using a timer module instead
"../FreeRTOS_Source/portable/MemMang/heap_2.c", line 228: remark #1527-D: (ULP 2.1) Detected SW delay loop using empty loop. Recommend using a timer module instead
Finished building: "../FreeRTOS_Source/portable/MemMang/heap_2.c"
 
Building file: "../My_Includes/LED_Task.c"
Invoking: ARM Compiler
"C:/ti/ccs900/ccs/tools/compiler/ti-cgt-arm_18.12.1.LTS/bin/armcl" -mv7M4 --code_state=16 --float_support=FPv4SPD16 --abi=eabi -me -Ooff --include_path="C:/ti/ccs900/ccs/tools/compiler/ti-cgt-arm_18.12.1.LTS/include" --include_path="C:/Users/ik5m/OneDrive/Current_Semester/ECEN_5013_APES/CodeComposer_Wrkspace/OLD_APES_HW5/FreeRTOS_Source/portable/CCS/ARM_CM4F" --include_path="C:/Users/ik5m/OneDrive/Current_Semester/ECEN_5013_APES/CodeComposer_Wrkspace/OLD_APES_HW5" --include_path="C:/Users/ik5m/OneDrive/Current_Semester/ECEN_5013_APES/CodeComposer_Wrkspace/OLD_APES_HW5/My_Includes" --include_path="C:/Users/ik5m/OneDrive/Current_Semester/ECEN_5013_APES/CodeComposer_Wrkspace/OLD_APES_HW5/FreeRTOS_Source/include" --include_path="C:/ti/TivaWare_C_Series-2.1.4.178" --advice:power=all -g --gcc --define=ccs="ccs" --define=PART_TM4C1294NCPDT --define=TARGET_IS_TM4C129_RA1 --diag_warning=225 --diag_wrap=off --display_error_number --gen_func_subsections=on --ual --preproc_with_compile --preproc_dependency="My_Includes/LED_Task.d_raw" --obj_directory="My_Includes"  "../My_Includes/LED_Task.c"
Finished building: "../My_Includes/LED_Task.c"
 
Building target: "OLD_APES_HW5.out"
Invoking: ARM Linker
"C:/ti/ccs900/ccs/tools/compiler/ti-cgt-arm_18.12.1.LTS/bin/armcl" -mv7M4 --code_state=16 --float_support=FPv4SPD16 --abi=eabi -me -Ooff --advice:power=all -g --gcc --define=ccs="ccs" --define=PART_TM4C1294NCPDT --define=TARGET_IS_TM4C129_RA1 --diag_warning=225 --diag_wrap=off --display_error_number --gen_func_subsections=on --ual -z -m"blinky_ccs.map" --stack_size=512 --heap_size=0 -i"C:/ti/ccs900/ccs/tools/compiler/ti-cgt-arm_18.12.1.LTS/lib" -i"C:/ti/ccs900/ccs/tools/compiler/ti-cgt-arm_18.12.1.LTS/include" --reread_libs --diag_wrap=off --display_error_number --warn_sections --xml_link_info="OLD_APES_HW5_linkInfo.xml" --rom_model -o "OLD_APES_HW5.out" "./main.obj" "./startup_ccs.obj" "./FreeRTOS_Source/croutine.obj" "./FreeRTOS_Source/event_groups.obj" "./FreeRTOS_Source/list.obj" "./FreeRTOS_Source/queue.obj" "./FreeRTOS_Source/stream_buffer.obj" "./FreeRTOS_Source/tasks.obj" "./FreeRTOS_Source/timers.obj" "./FreeRTOS_Source/portable/CCS/ARM_CM4F/port.obj" "./FreeRTOS_Source/portable/CCS/ARM_CM4F/portasm.obj" "./FreeRTOS_Source/portable/MemMang/heap_2.obj" "./My_Includes/LED_Task.obj" "../blinky_ccs.cmd"  -llibc.a -l"C:/ti/TivaWare_C_Series-2.1.4.178/driverlib/ccs/Debug/driverlib.lib" 
<Linking>
remark #10371-D: (ULP 1.1) Detected no uses of low power mode state changing instructions
Finished building target: "OLD_APES_HW5.out"
 
"C:/ti/ccs900/ccs/utils/tiobj2bin/tiobj2bin" "OLD_APES_HW5.out" "OLD_APES_HW5.bin" "C:/ti/ccs900/ccs/tools/compiler/ti-cgt-arm_18.12.1.LTS/bin/armofd" "C:/ti/ccs900/ccs/tools/compiler/ti-cgt-arm_18.12.1.LTS/bin/armhex" "C:/ti/ccs900/ccs/utils/tiobj2bin/mkhex4bin"
 

**** Build Finished ****
