-----TI-REX started at Sun Apr 07 2019 20:53:30 GMT-0600 (Mountain Daylight Time)
Mon, 08 Apr 2019 02:53:32 GMT connect deprecated methodOverride: use method-override npm module instead at app.js:641:21

        "family": "IPv4",
        "mac": "02:00:4c:4f:4f:50",
        "internal": false
    }
]
2019-04-08T02:53:30.521Z INFO DAEMON dinfra - [
    "multiple candidate address ignored",
    "VMware Network Adapter VMnet8",
    {
        "address": "169.254.97.161",
        "netmask": "255.255.0.0",
        "family": "IPv4",
        "mac": "02:00:4c:4f:4f:50",
        "internal": false
    }
]
2019-04-08T02:53:30.522Z INFO DAEMON dinfra - [
    "multiple candidate address ignored",
    "Wi-Fi",
    {
        "address": "169.254.97.161",
        "netmask": "255.255.0.0",
        "family": "IPv4",
        "mac": "02:00:4c:4f:4f:50",
        "internal": false
    }
]
-----TI-REX started at Sun Apr 07 2019 20:53:30 GMT-0600 (Mountain Daylight Time)
TIREX server listening on port 55432
About to exit with code:  0
